<?xml version="1.0" encoding="UTF-8"?>
<!-- Generated by org.testng.reporters.JUnitXMLReporter -->
<testsuite ignored="0" hostname="DESKTOP-Q7S0LT0" failures="0" tests="6" name="Surefire test" time="164.187" errors="0" timestamp="2024-07-23T16:26:03 IST">
  <testcase classname="AdminTest" name="AddDoctor" time="10.663"/>
  <testcase classname="AdminTest" name="adminManagePatient" time="3.391"/>
  <testcase classname="DoctorTest" name="AddFemalePatient" time="40.757"/>
  <testcase classname="DoctorTest" name="AddMalePatient" time="28.7"/>
  <testcase classname="DoctorTest" name="doctorManagePatient" time="21.222"/>
  <testcase classname="PatientTest" name="AppointmentBook" time="16.446"/>
</testsuite> <!-- Surefire test -->
