<?xml version="1.0" encoding="UTF-8"?>
<testng-results ignored="0" total="6" passed="6" failed="0" skipped="0">
  <reporter-output>
  </reporter-output>
  <suite started-at="2024-07-23T16:23:19 IST" name="Surefire suite" finished-at="2024-07-23T16:26:03 IST" duration-ms="164187">
    <groups>
    </groups>
    <test started-at="2024-07-23T16:23:19 IST" name="Surefire test" finished-at="2024-07-23T16:26:03 IST" duration-ms="164187">
      <class name="PatientTest">
        <test-method signature="AppointmentBook()[pri:0, instance:PatientTest@61df66b6]" started-at="2024-07-23T16:25:46 IST" name="AppointmentBook" finished-at="2024-07-23T16:26:03 IST" duration-ms="16446" status="PASS">
          <reporter-output>
          </reporter-output>
        </test-method> <!-- AppointmentBook -->
      </class> <!-- PatientTest -->
      <class name="DoctorTest">
        <test-method signature="AddFemalePatient()[pri:0, instance:DoctorTest@291ae]" started-at="2024-07-23T16:24:16 IST" name="AddFemalePatient" finished-at="2024-07-23T16:24:56 IST" duration-ms="40757" status="PASS">
          <reporter-output>
          </reporter-output>
        </test-method> <!-- AddFemalePatient -->
        <test-method signature="AddMalePatient()[pri:0, instance:DoctorTest@291ae]" started-at="2024-07-23T16:24:56 IST" name="AddMalePatient" finished-at="2024-07-23T16:25:25 IST" duration-ms="28700" status="PASS">
          <reporter-output>
          </reporter-output>
        </test-method> <!-- AddMalePatient -->
        <test-method signature="doctorManagePatient()[pri:0, instance:DoctorTest@291ae]" started-at="2024-07-23T16:25:25 IST" name="doctorManagePatient" finished-at="2024-07-23T16:25:46 IST" duration-ms="21222" status="PASS">
          <reporter-output>
          </reporter-output>
        </test-method> <!-- doctorManagePatient -->
      </class> <!-- DoctorTest -->
      <class name="AdminTest">
        <test-method is-config="true" signature="configBS()[pri:0, instance:AdminTest@619713e5]" started-at="2024-07-23T16:23:18 IST" name="configBS" finished-at="2024-07-23T16:23:19 IST" duration-ms="381" status="PASS">
          <reporter-output>
          </reporter-output>
        </test-method> <!-- configBS -->
        <test-method is-config="true" signature="configBC()[pri:0, instance:AdminTest@619713e5]" started-at="2024-07-23T16:23:19 IST" name="configBC" finished-at="2024-07-23T16:23:28 IST" duration-ms="9245" status="PASS">
          <reporter-output>
          </reporter-output>
        </test-method> <!-- configBC -->
        <test-method is-config="true" signature="configBM()[pri:0, instance:AdminTest@619713e5]" started-at="2024-07-23T16:23:28 IST" name="configBM" finished-at="2024-07-23T16:23:57 IST" duration-ms="28996" status="PASS">
          <reporter-output>
          </reporter-output>
        </test-method> <!-- configBM -->
        <test-method signature="AddDoctor()[pri:0, instance:AdminTest@619713e5]" started-at="2024-07-23T16:23:57 IST" name="AddDoctor" finished-at="2024-07-23T16:24:08 IST" duration-ms="10663" status="PASS">
          <reporter-output>
          </reporter-output>
        </test-method> <!-- AddDoctor -->
        <test-method is-config="true" signature="configAM()[pri:0, instance:AdminTest@619713e5]" started-at="2024-07-23T16:24:08 IST" name="configAM" finished-at="2024-07-23T16:24:08 IST" duration-ms="599" status="PASS">
          <reporter-output>
          </reporter-output>
        </test-method> <!-- configAM -->
        <test-method is-config="true" signature="configBM()[pri:0, instance:AdminTest@619713e5]" started-at="2024-07-23T16:24:08 IST" name="configBM" finished-at="2024-07-23T16:24:09 IST" duration-ms="1160" status="PASS">
          <reporter-output>
          </reporter-output>
        </test-method> <!-- configBM -->
        <test-method signature="adminManagePatient()[pri:0, instance:AdminTest@619713e5]" started-at="2024-07-23T16:24:09 IST" name="adminManagePatient" finished-at="2024-07-23T16:24:13 IST" duration-ms="3391" status="PASS">
          <reporter-output>
          </reporter-output>
        </test-method> <!-- adminManagePatient -->
        <test-method is-config="true" signature="configAM()[pri:0, instance:AdminTest@619713e5]" started-at="2024-07-23T16:24:13 IST" name="configAM" finished-at="2024-07-23T16:24:13 IST" duration-ms="213" status="PASS">
          <reporter-output>
          </reporter-output>
        </test-method> <!-- configAM -->
        <test-method is-config="true" signature="configAC()[pri:0, instance:AdminTest@619713e5]" started-at="2024-07-23T16:24:13 IST" name="configAC" finished-at="2024-07-23T16:24:16 IST" duration-ms="2735" status="PASS">
          <reporter-output>
          </reporter-output>
        </test-method> <!-- configAC -->
        <test-method is-config="true" signature="configAS()[pri:0, instance:AdminTest@619713e5]" started-at="2024-07-23T16:26:03 IST" name="configAS" finished-at="2024-07-23T16:26:04 IST" duration-ms="209" status="PASS">
          <reporter-output>
          </reporter-output>
        </test-method> <!-- configAS -->
      </class> <!-- AdminTest -->
    </test> <!-- Surefire test -->
  </suite> <!-- Surefire suite -->
</testng-results>
